mode: atomic
github.com/getgrowly/vault-utils/auto-unseal-controller.go:24.13,32.28 5 1
github.com/getgrowly/vault-utils/auto-unseal-controller.go:32.28,33.66 1 1
github.com/getgrowly/vault-utils/auto-unseal-controller.go:33.66,35.4 1 1
github.com/getgrowly/vault-utils/auto-unseal-controller.go:38.2,43.74 3 1
github.com/getgrowly/vault-utils/auto-unseal-controller.go:43.74,45.3 1 0
github.com/getgrowly/vault-utils/auto-unseal-controller.go:47.2,47.73 1 1
github.com/getgrowly/vault-utils/auto-unseal-controller.go:47.73,49.17 2 0
github.com/getgrowly/vault-utils/auto-unseal-controller.go:49.17,52.4 2 0
github.com/getgrowly/vault-utils/auto-unseal-controller.go:53.3,53.26 1 0
github.com/getgrowly/vault-utils/auto-unseal-controller.go:53.26,56.4 2 0
github.com/getgrowly/vault-utils/auto-unseal-controller.go:57.3,57.31 1 0
github.com/getgrowly/vault-utils/auto-unseal-controller.go:60.2,63.6 2 1
github.com/getgrowly/vault-utils/auto-unseal-controller.go:63.6,65.17 2 2
github.com/getgrowly/vault-utils/auto-unseal-controller.go:65.17,68.12 3 2
github.com/getgrowly/vault-utils/auto-unseal-controller.go:71.3,71.26 1 0
github.com/getgrowly/vault-utils/auto-unseal-controller.go:71.26,74.12 3 0
github.com/getgrowly/vault-utils/auto-unseal-controller.go:77.3,77.20 1 0
github.com/getgrowly/vault-utils/auto-unseal-controller.go:77.20,79.49 2 0
github.com/getgrowly/vault-utils/auto-unseal-controller.go:79.49,81.5 1 0
github.com/getgrowly/vault-utils/auto-unseal-controller.go:81.10,83.5 1 0
github.com/getgrowly/vault-utils/auto-unseal-controller.go:86.3,86.28 1 0
github.com/getgrowly/vault-utils/auto-unseal-controller.go:90.63,92.16 2 6
github.com/getgrowly/vault-utils/auto-unseal-controller.go:92.16,94.3 1 0
github.com/getgrowly/vault-utils/auto-unseal-controller.go:95.2,97.38 2 6
github.com/getgrowly/vault-utils/auto-unseal-controller.go:97.38,99.3 1 3
github.com/getgrowly/vault-utils/auto-unseal-controller.go:101.2,102.16 2 3
github.com/getgrowly/vault-utils/auto-unseal-controller.go:102.16,104.3 1 0
github.com/getgrowly/vault-utils/auto-unseal-controller.go:106.2,107.54 2 3
github.com/getgrowly/vault-utils/auto-unseal-controller.go:107.54,109.3 1 0
github.com/getgrowly/vault-utils/auto-unseal-controller.go:111.2,111.21 1 3
github.com/getgrowly/vault-utils/auto-unseal-controller.go:114.42,117.19 2 2
github.com/getgrowly/vault-utils/auto-unseal-controller.go:117.19,119.3 1 0
github.com/getgrowly/vault-utils/auto-unseal-controller.go:122.2,123.26 2 2
github.com/getgrowly/vault-utils/auto-unseal-controller.go:123.26,126.17 3 6
github.com/getgrowly/vault-utils/auto-unseal-controller.go:126.17,128.4 1 0
github.com/getgrowly/vault-utils/auto-unseal-controller.go:129.3,129.26 1 6
github.com/getgrowly/vault-utils/auto-unseal-controller.go:133.2,133.27 1 2
github.com/getgrowly/vault-utils/auto-unseal-controller.go:133.27,139.17 2 4
github.com/getgrowly/vault-utils/auto-unseal-controller.go:139.17,141.4 1 0
github.com/getgrowly/vault-utils/auto-unseal-controller.go:142.3,144.39 2 4
github.com/getgrowly/vault-utils/auto-unseal-controller.go:144.39,146.4 1 1
github.com/getgrowly/vault-utils/auto-unseal-controller.go:148.3,149.17 2 3
github.com/getgrowly/vault-utils/auto-unseal-controller.go:149.17,151.4 1 0
github.com/getgrowly/vault-utils/auto-unseal-controller.go:153.3,154.59 2 3
github.com/getgrowly/vault-utils/auto-unseal-controller.go:154.59,156.4 1 0
github.com/getgrowly/vault-utils/auto-unseal-controller.go:158.3,158.24 1 3
github.com/getgrowly/vault-utils/auto-unseal-controller.go:158.24,160.4 1 2
github.com/getgrowly/vault-utils/auto-unseal-controller.go:160.9,162.4 1 1
github.com/getgrowly/vault-utils/auto-unseal-controller.go:165.2,165.12 1 1
