mode: atomic
github.com/getgrowly/vault-utils/auto-unseal-controller.go:66.13,69.2 1 1
github.com/getgrowly/vault-utils/auto-unseal-controller.go:72.90,82.16 4 0
github.com/getgrowly/vault-utils/auto-unseal-controller.go:82.16,84.3 1 0
github.com/getgrowly/vault-utils/auto-unseal-controller.go:87.2,88.16 2 0
github.com/getgrowly/vault-utils/auto-unseal-controller.go:88.16,90.3 1 0
github.com/getgrowly/vault-utils/auto-unseal-controller.go:91.2,94.16 3 0
github.com/getgrowly/vault-utils/auto-unseal-controller.go:94.16,96.3 1 0
github.com/getgrowly/vault-utils/auto-unseal-controller.go:97.2,99.38 2 0
github.com/getgrowly/vault-utils/auto-unseal-controller.go:99.38,101.3 1 0
github.com/getgrowly/vault-utils/auto-unseal-controller.go:103.2,104.16 2 0
github.com/getgrowly/vault-utils/auto-unseal-controller.go:104.16,106.3 1 0
github.com/getgrowly/vault-utils/auto-unseal-controller.go:108.2,109.56 2 0
github.com/getgrowly/vault-utils/auto-unseal-controller.go:109.56,111.3 1 0
github.com/getgrowly/vault-utils/auto-unseal-controller.go:114.2,115.36 2 0
github.com/getgrowly/vault-utils/auto-unseal-controller.go:115.36,117.3 1 0
github.com/getgrowly/vault-utils/auto-unseal-controller.go:119.2,150.16 4 0
github.com/getgrowly/vault-utils/auto-unseal-controller.go:150.16,152.3 1 0
github.com/getgrowly/vault-utils/auto-unseal-controller.go:154.2,155.16 2 0
github.com/getgrowly/vault-utils/auto-unseal-controller.go:155.16,157.3 1 0
github.com/getgrowly/vault-utils/auto-unseal-controller.go:159.2,162.25 2 0
github.com/getgrowly/vault-utils/auto-unseal-controller.go:162.25,163.68 1 0
github.com/getgrowly/vault-utils/auto-unseal-controller.go:163.68,165.4 1 0
github.com/getgrowly/vault-utils/auto-unseal-controller.go:168.2,168.12 1 0
github.com/getgrowly/vault-utils/auto-unseal-controller.go:172.49,178.16 2 0
github.com/getgrowly/vault-utils/auto-unseal-controller.go:178.16,180.3 1 0
github.com/getgrowly/vault-utils/auto-unseal-controller.go:181.2,183.38 2 0
github.com/getgrowly/vault-utils/auto-unseal-controller.go:183.38,185.3 1 0
github.com/getgrowly/vault-utils/auto-unseal-controller.go:187.2,187.12 1 0
github.com/getgrowly/vault-utils/auto-unseal-controller.go:191.59,193.16 2 0
github.com/getgrowly/vault-utils/auto-unseal-controller.go:193.16,195.3 1 0
github.com/getgrowly/vault-utils/auto-unseal-controller.go:197.2,198.16 2 0
github.com/getgrowly/vault-utils/auto-unseal-controller.go:198.16,200.3 1 0
github.com/getgrowly/vault-utils/auto-unseal-controller.go:202.2,202.23 1 0
github.com/getgrowly/vault-utils/auto-unseal-controller.go:206.87,210.16 2 1
github.com/getgrowly/vault-utils/auto-unseal-controller.go:210.16,212.3 1 0
github.com/getgrowly/vault-utils/auto-unseal-controller.go:214.2,215.33 2 1
github.com/getgrowly/vault-utils/auto-unseal-controller.go:215.33,217.18 2 2
github.com/getgrowly/vault-utils/auto-unseal-controller.go:217.18,219.4 1 2
github.com/getgrowly/vault-utils/auto-unseal-controller.go:222.2,222.26 1 1
github.com/getgrowly/vault-utils/auto-unseal-controller.go:230.13,233.26 2 0
github.com/getgrowly/vault-utils/auto-unseal-controller.go:233.26,235.3 1 0
github.com/getgrowly/vault-utils/auto-unseal-controller.go:236.2,237.21 2 0
github.com/getgrowly/vault-utils/auto-unseal-controller.go:237.21,239.3 1 0
github.com/getgrowly/vault-utils/auto-unseal-controller.go:242.2,244.28 3 0
github.com/getgrowly/vault-utils/auto-unseal-controller.go:244.28,245.66 1 0
github.com/getgrowly/vault-utils/auto-unseal-controller.go:245.66,247.4 1 0
github.com/getgrowly/vault-utils/auto-unseal-controller.go:251.2,252.16 2 0
github.com/getgrowly/vault-utils/auto-unseal-controller.go:252.16,254.3 1 0
github.com/getgrowly/vault-utils/auto-unseal-controller.go:256.2,262.74 5 0
github.com/getgrowly/vault-utils/auto-unseal-controller.go:262.74,265.3 2 0
github.com/getgrowly/vault-utils/auto-unseal-controller.go:267.2,267.73 1 0
github.com/getgrowly/vault-utils/auto-unseal-controller.go:267.73,270.17 3 0
github.com/getgrowly/vault-utils/auto-unseal-controller.go:270.17,274.4 3 0
github.com/getgrowly/vault-utils/auto-unseal-controller.go:276.3,277.30 2 0
github.com/getgrowly/vault-utils/auto-unseal-controller.go:277.30,280.58 3 0
github.com/getgrowly/vault-utils/auto-unseal-controller.go:280.58,282.10 2 0
github.com/getgrowly/vault-utils/auto-unseal-controller.go:286.3,286.15 1 0
github.com/getgrowly/vault-utils/auto-unseal-controller.go:286.15,289.4 2 0
github.com/getgrowly/vault-utils/auto-unseal-controller.go:289.9,292.4 2 0
github.com/getgrowly/vault-utils/auto-unseal-controller.go:296.2,296.12 1 0
github.com/getgrowly/vault-utils/auto-unseal-controller.go:296.12,298.59 2 0
github.com/getgrowly/vault-utils/auto-unseal-controller.go:298.59,300.4 1 0
github.com/getgrowly/vault-utils/auto-unseal-controller.go:304.2,304.6 1 0
github.com/getgrowly/vault-utils/auto-unseal-controller.go:304.6,306.17 2 0
github.com/getgrowly/vault-utils/auto-unseal-controller.go:306.17,309.12 3 0
github.com/getgrowly/vault-utils/auto-unseal-controller.go:312.3,314.30 2 0
github.com/getgrowly/vault-utils/auto-unseal-controller.go:314.30,319.18 4 0
github.com/getgrowly/vault-utils/auto-unseal-controller.go:319.18,321.13 2 0
github.com/getgrowly/vault-utils/auto-unseal-controller.go:324.4,324.27 1 0
github.com/getgrowly/vault-utils/auto-unseal-controller.go:324.27,326.81 2 0
github.com/getgrowly/vault-utils/auto-unseal-controller.go:326.81,328.14 2 0
github.com/getgrowly/vault-utils/auto-unseal-controller.go:330.5,331.13 2 0
github.com/getgrowly/vault-utils/auto-unseal-controller.go:334.4,334.21 1 0
github.com/getgrowly/vault-utils/auto-unseal-controller.go:334.21,338.19 3 0
github.com/getgrowly/vault-utils/auto-unseal-controller.go:338.19,341.51 2 0
github.com/getgrowly/vault-utils/auto-unseal-controller.go:341.51,343.7 1 0
github.com/getgrowly/vault-utils/auto-unseal-controller.go:343.12,345.7 1 0
github.com/getgrowly/vault-utils/auto-unseal-controller.go:346.6,346.14 1 0
github.com/getgrowly/vault-utils/auto-unseal-controller.go:350.5,351.29 2 0
github.com/getgrowly/vault-utils/auto-unseal-controller.go:351.29,353.13 2 0
github.com/getgrowly/vault-utils/auto-unseal-controller.go:353.13,355.15 2 0
github.com/getgrowly/vault-utils/auto-unseal-controller.go:357.6,357.38 1 0
github.com/getgrowly/vault-utils/auto-unseal-controller.go:361.5,361.30 1 0
github.com/getgrowly/vault-utils/auto-unseal-controller.go:361.30,362.58 1 0
github.com/getgrowly/vault-utils/auto-unseal-controller.go:362.58,364.12 2 0
github.com/getgrowly/vault-utils/auto-unseal-controller.go:366.6,366.73 1 0
github.com/getgrowly/vault-utils/auto-unseal-controller.go:368.10,370.5 1 0
github.com/getgrowly/vault-utils/auto-unseal-controller.go:373.3,373.28 1 0
github.com/getgrowly/vault-utils/auto-unseal-controller.go:387.63,390.16 3 4
github.com/getgrowly/vault-utils/auto-unseal-controller.go:390.16,392.3 1 0
github.com/getgrowly/vault-utils/auto-unseal-controller.go:393.2,395.38 2 4
github.com/getgrowly/vault-utils/auto-unseal-controller.go:395.38,397.3 1 1
github.com/getgrowly/vault-utils/auto-unseal-controller.go:399.2,400.16 2 3
github.com/getgrowly/vault-utils/auto-unseal-controller.go:400.16,402.3 1 0
github.com/getgrowly/vault-utils/auto-unseal-controller.go:404.2,405.54 2 3
github.com/getgrowly/vault-utils/auto-unseal-controller.go:405.54,407.3 1 0
github.com/getgrowly/vault-utils/auto-unseal-controller.go:409.2,410.21 2 3
github.com/getgrowly/vault-utils/auto-unseal-controller.go:425.42,428.19 2 2
github.com/getgrowly/vault-utils/auto-unseal-controller.go:428.19,430.3 1 0
github.com/getgrowly/vault-utils/auto-unseal-controller.go:431.2,435.26 3 2
github.com/getgrowly/vault-utils/auto-unseal-controller.go:435.26,439.17 4 6
github.com/getgrowly/vault-utils/auto-unseal-controller.go:439.17,441.4 1 0
github.com/getgrowly/vault-utils/auto-unseal-controller.go:442.3,442.26 1 6
github.com/getgrowly/vault-utils/auto-unseal-controller.go:446.2,446.27 1 2
github.com/getgrowly/vault-utils/auto-unseal-controller.go:446.27,453.17 3 4
github.com/getgrowly/vault-utils/auto-unseal-controller.go:453.17,455.4 1 0
github.com/getgrowly/vault-utils/auto-unseal-controller.go:456.3,458.39 2 4
github.com/getgrowly/vault-utils/auto-unseal-controller.go:458.39,460.4 1 1
github.com/getgrowly/vault-utils/auto-unseal-controller.go:462.3,463.17 2 3
github.com/getgrowly/vault-utils/auto-unseal-controller.go:463.17,465.4 1 0
github.com/getgrowly/vault-utils/auto-unseal-controller.go:467.3,468.59 2 3
github.com/getgrowly/vault-utils/auto-unseal-controller.go:468.59,470.4 1 0
github.com/getgrowly/vault-utils/auto-unseal-controller.go:472.3,472.24 1 3
github.com/getgrowly/vault-utils/auto-unseal-controller.go:472.24,474.4 1 0
github.com/getgrowly/vault-utils/auto-unseal-controller.go:474.9,476.4 1 3
github.com/getgrowly/vault-utils/auto-unseal-controller.go:479.2,479.12 1 1
